d:\0.毕业论文\beta 3.0\mysqltest1\bitcoinanalysis\x64\release\vc120.pdb
d:\0.毕业论文\beta 3.0\mysqltest1\bitcoinanalysis\x64\release\leveldb-single-file.obj
d:\0.毕业论文\beta 3.0\mysqltest1\bitcoinanalysis\x64\release\crc32c.obj
d:\0.毕业论文\beta 3.0\mysqltest1\bitcoinanalysis\x64\release\snappy-single-file.obj
d:\0.毕业论文\beta 3.0\mysqltest1\bitcoinanalysis\x64\release\console.obj
d:\0.毕业论文\beta 3.0\mysqltest1\x64\release\bitcoinanalysis.exe
d:\0.毕业论文\beta 3.0\mysqltest1\x64\release\bitcoinanalysis.pdb
d:\bitcoin\beta 3.0\mysqltest1\bitcoinanalysis\x64\release\console.obj
d:\bitcoin\beta 3.0\mysqltest1\bitcoinanalysis\x64\release\crc32c.obj
d:\bitcoin\beta 3.0\mysqltest1\bitcoinanalysis\x64\release\leveldb-single-file.obj
d:\bitcoin\beta 3.0\mysqltest1\bitcoinanalysis\x64\release\snappy-single-file.obj
d:\bitcoin\beta 3.0\mysqltest1\bitcoinanalysis\x64\release\vc120.pdb
d:\bitcoin\beta 3.0\mysqltest1\x64\release\bitcoinanalysis.pdb
d:\bitcoin\beta 3.0\mysqltest1\x64\release\bitcoinanalysis.exe
d:\bitcoin\beta 3.0\mysqltest1\bitcoinanalysis\x64\release\bitcoinanalysis.tlog\cl.command.1.tlog
d:\bitcoin\beta 3.0\mysqltest1\bitcoinanalysis\x64\release\bitcoinanalysis.tlog\cl.read.1.tlog
d:\bitcoin\beta 3.0\mysqltest1\bitcoinanalysis\x64\release\bitcoinanalysis.tlog\cl.write.1.tlog
d:\bitcoin\beta 3.0\mysqltest1\bitcoinanalysis\x64\release\bitcoinanalysis.tlog\link.command.1.tlog
d:\bitcoin\beta 3.0\mysqltest1\bitcoinanalysis\x64\release\bitcoinanalysis.tlog\link.read.1.tlog
d:\bitcoin\beta 3.0\mysqltest1\bitcoinanalysis\x64\release\bitcoinanalysis.tlog\link.write.1.tlog
